Determining if the pthread_create exist failed with the following output:
Change Dir: /home/metin/catkin_ws/build/CMakeFiles/CMakeTmp

Run Build Command:"/usr/bin/make" "cmTC_84fb8/fast"
/usr/bin/make -f CMakeFiles/cmTC_84fb8.dir/build.make CMakeFiles/cmTC_84fb8.dir/build
make[1]: Entering directory '/home/metin/catkin_ws/build/CMakeFiles/CMakeTmp'
Building C object CMakeFiles/cmTC_84fb8.dir/CheckSymbolExists.c.o
/usr/bin/cc    -o CMakeFiles/cmTC_84fb8.dir/CheckSymbolExists.c.o   -c /home/metin/catkin_ws/build/CMakeFiles/CMakeTmp/CheckSymbolExists.c
Linking C executable cmTC_84fb8
/usr/bin/cmake -E cmake_link_script CMakeFiles/cmTC_84fb8.dir/link.txt --verbose=1
/usr/bin/cc      -rdynamic CMakeFiles/cmTC_84fb8.dir/CheckSymbolExists.c.o  -o cmTC_84fb8 
CMakeFiles/cmTC_84fb8.dir/CheckSymbolExists.c.o: In function `main':
CheckSymbolExists.c:(.text+0x1b): undefined reference to `pthread_create'
collect2: error: ld returned 1 exit status
CMakeFiles/cmTC_84fb8.dir/build.make:97: recipe for target 'cmTC_84fb8' failed
make[1]: *** [cmTC_84fb8] Error 1
make[1]: Leaving directory '/home/metin/catkin_ws/build/CMakeFiles/CMakeTmp'
Makefile:126: recipe for target 'cmTC_84fb8/fast' failed
make: *** [cmTC_84fb8/fast] Error 2

File /home/metin/catkin_ws/build/CMakeFiles/CMakeTmp/CheckSymbolExists.c:
/* */
#include <pthread.h>

int main(int argc, char** argv)
{
  (void)argv;
#ifndef pthread_create
  return ((int*)(&pthread_create))[argc];
#else
  (void)argc;
  return 0;
#endif
}

Determining if the function pthread_create exists in the pthreads failed with the following output:
Change Dir: /home/metin/catkin_ws/build/CMakeFiles/CMakeTmp

Run Build Command:"/usr/bin/make" "cmTC_adaea/fast"
/usr/bin/make -f CMakeFiles/cmTC_adaea.dir/build.make CMakeFiles/cmTC_adaea.dir/build
make[1]: Entering directory '/home/metin/catkin_ws/build/CMakeFiles/CMakeTmp'
Building C object CMakeFiles/cmTC_adaea.dir/CheckFunctionExists.c.o
/usr/bin/cc   -DCHECK_FUNCTION_EXISTS=pthread_create   -o CMakeFiles/cmTC_adaea.dir/CheckFunctionExists.c.o   -c /usr/share/cmake-3.10/Modules/CheckFunctionExists.c
Linking C executable cmTC_adaea
/usr/bin/cmake -E cmake_link_script CMakeFiles/cmTC_adaea.dir/link.txt --verbose=1
/usr/bin/cc  -DCHECK_FUNCTION_EXISTS=pthread_create    -rdynamic CMakeFiles/cmTC_adaea.dir/CheckFunctionExists.c.o  -o cmTC_adaea -lpthreads 
/usr/bin/ld: cannot find -lpthreads
collect2: error: ld returned 1 exit status
CMakeFiles/cmTC_adaea.dir/build.make:97: recipe for target 'cmTC_adaea' failed
make[1]: *** [cmTC_adaea] Error 1
make[1]: Leaving directory '/home/metin/catkin_ws/build/CMakeFiles/CMakeTmp'
Makefile:126: recipe for target 'cmTC_adaea/fast' failed
make: *** [cmTC_adaea/fast] Error 2


